<?xml version="1.0" encoding="UTF-8"?>
<testng-results skipped="0" failed="0" total="1" passed="1">
  <reporter-output>
  </reporter-output>
  <suite name="Suite" duration-ms="7237" started-at="2016-10-20T10:06:58Z" finished-at="2016-10-20T10:07:05Z">
    <groups>
    </groups>
    <test name="Test" duration-ms="7237" started-at="2016-10-20T10:06:58Z" finished-at="2016-10-20T10:07:05Z">
      <class name="packagea.Testing">
        <test-method status="PASS" signature="test()[pri:0, instance:packagea.Testing@73949d1]" name="test" duration-ms="7225" started-at="2016-10-20T15:36:58Z" finished-at="2016-10-20T15:37:05Z">
          <reporter-output>
          </reporter-output>
        </test-method> <!-- test -->
      </class> <!-- packagea.Testing -->
    </test> <!-- Test -->
  </suite> <!-- Suite -->
</testng-results>
